# JRE version: OpenJDK Runtime Environment (8.0_242-b01) (build 1.8.0_242-release-1644-b01)
# Java VM: OpenJDK 64-Bit Server VM (25.242-b01 mixed mode windows-amd64 compressed oops)
Heap:
 PSYoungGen      total 436224K, used 202938K [0x00000000e0000000, 0x00000000ffe00000, 0x0000000100000000)
  eden space 352256K, 56% used [0x00000000e0000000,0x00000000ec2099c8,0x00000000f5800000)
  from space 83968K, 5% used [0x00000000fac00000,0x00000000fb024f30,0x00000000ffe00000)
  to   space 84992K, 0% used [0x00000000f5800000,0x00000000f5800000,0x00000000fab00000)
 ParOldGen       total 386048K, used 291630K [0x00000000a0000000, 0x00000000b7900000, 0x00000000e0000000)
  object space 386048K, 75% used [0x00000000a0000000,0x00000000b1ccba28,0x00000000b7900000)
 Metaspace       used 115763K, capacity 122886K, committed 123048K, reserved 1157120K
  class space    used 14934K, capacity 16279K, committed 16304K, reserved 1048576K
GC Heap History (10 events):
Event: 1348.940 GC heap before
{Heap before GC invocations=30 (full 4):
 PSYoungGen      total 462848K, used 462816K [0x00000000e0000000, 0x0000000100000000, 0x0000000100000000)
  eden space 408576K, 100% used [0x00000000e0000000,0x00000000f8f00000,0x00000000f8f00000)
  from space 54272K, 99% used [0x00000000f8f00000,0x00000000fc3f8258,0x00000000fc400000)
  to   space 61440K, 0% used [0x00000000fc400000,0x00000000fc400000,0x0000000100000000)
 ParOldGen       total 386048K, used 232586K [0x00000000a0000000, 0x00000000b7900000, 0x00000000e0000000)
  object space 386048K, 60% used [0x00000000a0000000,0x00000000ae3229c0,0x00000000b7900000)
 Metaspace       used 115449K, capacity 122592K, committed 122792K, reserved 1155072K
  class space    used 14925K, capacity 16268K, committed 16304K, reserved 1048576K
Event: 1348.989 GC heap after
Heap after GC invocations=30 (full 4):
 PSYoungGen      total 401408K, used 27858K [0x00000000e0000000, 0x0000000100000000, 0x0000000100000000)
  eden space 339968K, 0% used [0x00000000e0000000,0x00000000e0000000,0x00000000f4c00000)
  from space 61440K, 45% used [0x00000000fc400000,0x00000000fdf34ab8,0x0000000100000000)
  to   space 92160K, 0% used [0x00000000f4c00000,0x00000000f4c00000,0x00000000fa600000)
 ParOldGen       total 386048K, used 262038K [0x00000000a0000000, 0x00000000b7900000, 0x00000000e0000000)
  object space 386048K, 67% used [0x00000000a0000000,0x00000000affe5840,0x00000000b7900000)
 Metaspace       used 115449K, capacity 122592K, committed 122792K, reserved 1155072K
  class space    used 14925K, capacity 16268K, committed 16304K, reserved 1048576K
}
Event: 1351.360 GC heap before
{Heap before GC invocations=31 (full 4):
 PSYoungGen      total 401408K, used 367826K [0x00000000e0000000, 0x0000000100000000, 0x0000000100000000)
  eden space 339968K, 100% used [0x00000000e0000000,0x00000000f4c00000,0x00000000f4c00000)
  from space 61440K, 45% used [0x00000000fc400000,0x00000000fdf34ab8,0x0000000100000000)
  to   space 92160K, 0% used [0x00000000f4c00000,0x00000000f4c00000,0x00000000fa600000)
 ParOldGen       total 386048K, used 262038K [0x00000000a0000000, 0x00000000b7900000, 0x00000000e0000000)
  object space 386048K, 67% used [0x00000000a0000000,0x00000000affe5840,0x00000000b7900000)
 Metaspace       used 115590K, capacity 122788K, committed 123048K, reserved 1157120K
  class space    used 14930K, capacity 16276K, committed 16304K, reserved 1048576K
Event: 1351.379 GC heap after
Heap after GC invocations=31 (full 4):
 PSYoungGen      total 432128K, used 21154K [0x00000000e0000000, 0x0000000100000000, 0x0000000100000000)
  eden space 339968K, 0% used [0x00000000e0000000,0x00000000e0000000,0x00000000f4c00000)
  from space 92160K, 22% used [0x00000000f4c00000,0x00000000f60a8a00,0x00000000fa600000)
  to   space 89600K, 0% used [0x00000000fa880000,0x00000000fa880000,0x0000000100000000)
 ParOldGen       total 386048K, used 273974K [0x00000000a0000000, 0x00000000b7900000, 0x00000000e0000000)
  object space 386048K, 70% used [0x00000000a0000000,0x00000000b0b8d8f8,0x00000000b7900000)
 Metaspace       used 115590K, capacity 122788K, committed 123048K, reserved 1157120K
  class space    used 14930K, capacity 16276K, committed 16304K, reserved 1048576K
}
Event: 1351.946 GC heap before
{Heap before GC invocations=32 (full 4):
 PSYoungGen      total 432128K, used 361122K [0x00000000e0000000, 0x0000000100000000, 0x0000000100000000)
  eden space 339968K, 100% used [0x00000000e0000000,0x00000000f4c00000,0x00000000f4c00000)
  from space 92160K, 22% used [0x00000000f4c00000,0x00000000f60a8a00,0x00000000fa600000)
  to   space 89600K, 0% used [0x00000000fa880000,0x00000000fa880000,0x0000000100000000)
 ParOldGen       total 386048K, used 273974K [0x00000000a0000000, 0x00000000b7900000, 0x00000000e0000000)
  object space 386048K, 70% used [0x00000000a0000000,0x00000000b0b8d8f8,0x00000000b7900000)
 Metaspace       used 115653K, capacity 122808K, committed 123048K, reserved 1157120K
  class space    used 14932K, capacity 16278K, committed 16304K, reserved 1048576K
Event: 1351.974 GC heap after
Heap after GC invocations=32 (full 4):
 PSYoungGen      total 422400K, used 24123K [0x00000000e0000000, 0x00000000ff680000, 0x0000000100000000)
  eden space 342528K, 0% used [0x00000000e0000000,0x00000000e0000000,0x00000000f4e80000)
  from space 79872K, 30% used [0x00000000fa880000,0x00000000fc00ef80,0x00000000ff680000)
  to   space 86016K, 0% used [0x00000000f4e80000,0x00000000f4e80000,0x00000000fa280000)
 ParOldGen       total 386048K, used 273982K [0x00000000a0000000, 0x00000000b7900000, 0x00000000e0000000)
  object space 386048K, 70% used [0x00000000a0000000,0x00000000b0b8f8f8,0x00000000b7900000)
 Metaspace       used 115653K, capacity 122808K, committed 123048K, reserved 1157120K
  class space    used 14932K, capacity 16278K, committed 16304K, reserved 1048576K
}
Event: 1352.751 GC heap before
{Heap before GC invocations=33 (full 4):
 PSYoungGen      total 422400K, used 366651K [0x00000000e0000000, 0x00000000ff680000, 0x0000000100000000)
  eden space 342528K, 100% used [0x00000000e0000000,0x00000000f4e80000,0x00000000f4e80000)
  from space 79872K, 30% used [0x00000000fa880000,0x00000000fc00ef80,0x00000000ff680000)
  to   space 86016K, 0% used [0x00000000f4e80000,0x00000000f4e80000,0x00000000fa280000)
 ParOldGen       total 386048K, used 273982K [0x00000000a0000000, 0x00000000b7900000, 0x00000000e0000000)
  object space 386048K, 70% used [0x00000000a0000000,0x00000000b0b8f8f8,0x00000000b7900000)
 Metaspace       used 115700K, capacity 122878K, committed 123048K, reserved 1157120K
  class space    used 14934K, capacity 16279K, committed 16304K, reserved 1048576K
Event: 1352.779 GC heap after
Heap after GC invocations=33 (full 4):
 PSYoungGen      total 428544K, used 2704K [0x00000000e0000000, 0x0000000100000000, 0x0000000100000000)
  eden space 342528K, 0% used [0x00000000e0000000,0x00000000e0000000,0x00000000f4e80000)
  from space 86016K, 3% used [0x00000000f4e80000,0x00000000f5124010,0x00000000fa280000)
  to   space 86016K, 0% used [0x00000000fac00000,0x00000000fac00000,0x0000000100000000)
 ParOldGen       total 386048K, used 290314K [0x00000000a0000000, 0x00000000b7900000, 0x00000000e0000000)
  object space 386048K, 75% used [0x00000000a0000000,0x00000000b1b82a08,0x00000000b7900000)
 Metaspace       used 115700K, capacity 122878K, committed 123048K, reserved 1157120K
  class space    used 14934K, capacity 16279K, committed 16304K, reserved 1048576K
}
Event: 1353.695 GC heap before
{Heap before GC invocations=34 (full 4):
 PSYoungGen      total 428544K, used 345232K [0x00000000e0000000, 0x0000000100000000, 0x0000000100000000)
  eden space 342528K, 100% used [0x00000000e0000000,0x00000000f4e80000,0x00000000f4e80000)
  from space 86016K, 3% used [0x00000000f4e80000,0x00000000f5124010,0x00000000fa280000)
  to   space 86016K, 0% used [0x00000000fac00000,0x00000000fac00000,0x0000000100000000)
 ParOldGen       total 386048K, used 290314K [0x00000000a0000000, 0x00000000b7900000, 0x00000000e0000000)
  object space 386048K, 75% used [0x00000000a0000000,0x00000000b1b82a08,0x00000000b7900000)
 Metaspace       used 115753K, capacity 122882K, committed 123048K, reserved 1157120K
  class space    used 14934K, capacity 16279K, committed 16304K, reserved 1048576K
Event: 1353.704 GC heap after
Heap after GC invocations=34 (full 4):
 PSYoungGen      total 436224K, used 4243K [0x00000000e0000000, 0x00000000ffe00000, 0x0000000100000000)
  eden space 352256K, 0% used [0x00000000e0000000,0x00000000e0000000,0x00000000f5800000)
  from space 83968K, 5% used [0x00000000fac00000,0x00000000fb024f30,0x00000000ffe00000)
  to   space 84992K, 0% used [0x00000000f5800000,0x00000000f5800000,0x00000000fab00000)
 ParOldGen       total 386048K, used 291630K [0x00000000a0000000, 0x00000000b7900000, 0x00000000e0000000)
  object space 386048K, 75% used [0x00000000a0000000,0x00000000b1ccba28,0x00000000b7900000)
 Metaspace       used 115753K, capacity 122882K, committed 123048K, reserved 1157120K
  class space    used 14934K, capacity 16279K, committed 16304K, reserved 1048576K
}

